<?xml version="1.0" encoding="UTF-8"?>
<!-- Generated by org.testng.reporters.JUnitReportReporter -->
<testsuite hostname="Bharani" failures="0" tests="1" name="scripts.Test0" time="0.008" errors="0" timestamp="2022-08-27T15:39:48 IST" skipped="0">
  <testcase classname="scripts.Test0" name="demo" time="0.008"/>
  <system-out>
hello selenium  </system-out>
</testsuite> <!-- scripts.Test0 -->
